Arguments: 
  /opt/homebrew/Cellar/node/18.11.0/bin/node /Users/soinmedia/.yarn/bin/yarn.js add --dev react-dom react @types/react-dom @types/react

PATH: 
  /Users/soinmedia/flutter/flutter/bin:/Users/soinmedia/.yarn/bin:/Users/soinmedia/.config/yarn/global/node_modules/.bin:/opt/homebrew/bin:/opt/homebrew/sbin:/usr/local/bin:/System/Cryptexes/App/usr/bin:/usr/bin:/bin:/usr/sbin:/sbin:/Library/Apple/usr/bin:/Users/soinmedia/flutter/flutter/bin:/Users/soinmedia/.yarn/bin:/Users/soinmedia/.config/yarn/global/node_modules/.bin:/opt/homebrew/bin:/opt/homebrew/sbin:/Users/soinmedia/.cargo/bin:/Users/soinmedia/Library/Application Support/JetBrains/Toolbox/scripts:/Users/soinmedia/Library/Application Support/JetBrains/Toolbox/scripts

Yarn version: 
  1.22.19

Node version: 
  18.11.0

Platform: 
  darwin arm64

Trace: 
  SyntaxError: /Users/soinmedia/tieu/react-load-image/package.json: Unexpected token } in JSON at position 511
      at JSON.parse (<anonymous>)
      at /Users/soinmedia/.yarn/lib/cli.js:1629:59
      at Generator.next (<anonymous>)
      at step (/Users/soinmedia/.yarn/lib/cli.js:310:30)
      at /Users/soinmedia/.yarn/lib/cli.js:321:13

npm manifest: 
  {
    "scripts": {
      "build": "yarn build:esm && yarn build:cjs",
      "build:esm": "tsc",
      "build:cjs": "tsc --module commonjs --outDir lib/cjs"
    },
    "name": "react-auto-height-image",
    "version": "1.0.0",
    "description": "Load image auto height",
    "main": "./lib/cjs/index.js",
    "module": "./lib/esm/index.js",
    "types": "./lib/esm/index.d.ts",
    "license": "MIT",
    "devDependencies": {
      "typescript": "^4.8.4"
    },
    "peerDependencies": {
      "react": "^16.8.0",
      "react-dom": "^16.8.0"
    },
  }

yarn manifest: 
  No manifest

Lockfile: 
  # THIS IS AN AUTOGENERATED FILE. DO NOT EDIT THIS FILE DIRECTLY.
  # yarn lockfile v1
  
  
  "js-tokens@^3.0.0 || ^4.0.0":
    version "4.0.0"
    resolved "https://registry.yarnpkg.com/js-tokens/-/js-tokens-4.0.0.tgz#19203fb59991df98e3a287050d4647cdeaf32499"
    integrity sha512-RdJUflcE3cUzKiMqQgsCu06FPu9UdIJO0beYbPhHN4k6apgJtifcoCtT9bcxOpYBtpD2kCM6Sbzg4CausW/PKQ==
  
  loose-envify@^1.1.0:
    version "1.4.0"
    resolved "https://registry.yarnpkg.com/loose-envify/-/loose-envify-1.4.0.tgz#71ee51fa7be4caec1a63839f7e682d8132d30caf"
    integrity sha512-lyuxPGr/Wfhrlem2CL/UcnUc1zcqKAImBDzukY7Y5F/yQiNdko6+fRLevlw1HgMySw7f611UIY408EtxRSoK3Q==
    dependencies:
      js-tokens "^3.0.0 || ^4.0.0"
  
  react@^18.2.0:
    version "18.2.0"
    resolved "https://registry.yarnpkg.com/react/-/react-18.2.0.tgz#555bd98592883255fa00de14f1151a917b5d77d5"
    integrity sha512-/3IjMdb2L9QbBdWiW5e3P2/npwMBaU9mHCSCUzNln0ZCYbcfTsGbTJrU/kGemdH2IWmB2ioZ+zkxtmq6g09fGQ==
    dependencies:
      loose-envify "^1.1.0"
  
  typescript@^4.8.4:
    version "4.8.4"
    resolved "https://registry.yarnpkg.com/typescript/-/typescript-4.8.4.tgz#c464abca159669597be5f96b8943500b238e60e6"
    integrity sha512-QCh+85mCy+h0IGff8r5XWzOVSbBO+KfeYrMQh7NJ58QujwcE22u+NUSmUxqF+un70P9GXKxa2HCNiTTMJknyjQ==
